<?xml version="1.0" encoding="UTF-8"?>
<testng-results skipped="0" failed="0" ignored="0" total="1" passed="1">
  <reporter-output>
  </reporter-output>
  <suite name="Default suite" duration-ms="12894" started-at="2019-03-30T16:46:06Z" finished-at="2019-03-30T16:46:19Z">
    <groups>
    </groups>
    <test name="Default test" duration-ms="12894" started-at="2019-03-30T16:46:06Z" finished-at="2019-03-30T16:46:19Z">
      <class name="com.reddit.proj.FirstTest">
        <test-method status="PASS" signature="setupTest()[pri:0, instance:com.reddit.proj.FirstTest@ed9d034]" name="setupTest" is-config="true" duration-ms="8594" started-at="2019-03-30T16:46:06Z" finished-at="2019-03-30T16:46:15Z">
          <reporter-output>
          </reporter-output>
        </test-method> <!-- setupTest -->
        <test-method status="PASS" signature="firstTest()[pri:0, instance:com.reddit.proj.FirstTest@ed9d034]" name="firstTest" duration-ms="3488" started-at="2019-03-30T16:46:15Z" finished-at="2019-03-30T16:46:18Z">
          <reporter-output>
          </reporter-output>
        </test-method> <!-- firstTest -->
        <test-method status="PASS" signature="teardownTest()[pri:0, instance:com.reddit.proj.FirstTest@ed9d034]" name="teardownTest" is-config="true" duration-ms="740" started-at="2019-03-30T16:46:18Z" finished-at="2019-03-30T16:46:19Z">
          <reporter-output>
          </reporter-output>
        </test-method> <!-- teardownTest -->
      </class> <!-- com.reddit.proj.FirstTest -->
    </test> <!-- Default test -->
  </suite> <!-- Default suite -->
</testng-results>
